

















                                 T H E


              SSSSS           OOOOOO       FFFFFFFFFFFFF      AAAAAAA
           SSSSSSSSSS     OOOOOOOOOOOO     FFFFFFFFFFFF      AAAAAAAA
          SSSSSSSSSSS   OOOOOOOOOOOOOO    FFFFFFFFFFFF      AAAA AAAA
         SSSS      S   OOOOOO    OOOOO    FFFF             AAAA  AAAA
        SSSSS         OOOOO       OOOO   FFFFF            AAAA   AAAA
        SSSSSSSSSS    OOOO       OOOOO   FFFFFFFFFFFF    AAAA    AAAA
          SSSSSSSSS  OOOOO       OOOO   FFFFFFFFFFFF    AAAAAAAAAAAAA
              SSSSS  OOOO       OOOO    FFFF           AAAAAAAAAAAAAA
       S      SSSS   OOOOO    OOOOO    FFFF           AAAAAAAAAAAAAAA
      SSSSSSSSSSS    OOOOOOOOOOOOO     FFFF          AAAA       AAAAA
      SSSSSSSSS       OOOOOOOOOO      FFFF          AAAA        AAAAA
        SSSS            OOOOO         FFFF         AAAA         AAAAA


                            S O F T W A R E

                           L I B R A R I E S






                   International Astronomical Union

                   Division 1: Fundamental Astronomy

             ICRS Working Group Task 5:  Computation Tools


            Standards Of Fundamental Astronomy Review Board





                               Release 3

                             2005 August 31
