ResCor, part of the GPSTK ToolKit, Ver 3.5 8/16/04, Run 2006/07/20 21:01:23
Reference position comes from explicit input of position components:
 3828738.74090 443304.12650 5064887.00350
 =   3828738.741    443304.127   5064887.003
 =  52.91460366N   6.60448823E    85.775m
---------------------------------- REQUIRED ----------------------------------
Rinex Version  2.10,  File type OBSERVATION DATA,  System G (GPS).
Prgm: ResCor v.3.5 ,  Run: 2006/07/20 21:01:23,  By: ARL:UT/SGL/GPSTK
Marker name: WSRT-01.
Obs'r : DANNY VAN LOON,  Agency: DUT/DEOS FMR
Rec#: 251,  Type: AOA SNR-12 ACT,  Vers: 1900.06.01
Antenna # : 273,  Type : AOAD/M_T        DUTD
Position (XYZ,m) : (3828738.7409, 443304.1265, 5064887.0035).
Antenna offset (ENU,m) : (0.3888, 0.0000, 0.0000).
Wavelength factors (default) L1:1, L2: 1.
Observation types (3) :
 Type #0 = AZ Azimuth Angle (degrees).
 Type #1 = EL Elevation Angle (degrees).
 Type #2 = SR Slant TEC (PR) (TECU).
Time of first obs 2006/07/13 00:00:00.0000000 GPS
(This header is VALID 2.1 Rinex.)
---------------------------------- OPTIONAL ----------------------------------
Marker number : 13506M005
Interval =  30.000
Time of last obs 2006/07/13 23:59:30.0000000 GPS
Number of Satellites with data : 29
PRN       AZ     EL     SR
 G 1    1016   1016   1016
 G 2    1063   1063   1063
 G 3     799    799    799
 G 4     981    981    981
 G 5     786    786    786
 G 6     816    816    816
 G 7     859    859    859
 G 8     897    897    897
 G 9     818    818    818
 G10     943    943    943
 G11     804    804    804
 G13     832    832    832
 G14     974    974    974
 G15     846    846    846
 G16     927    927    927
 G17    1089   1089   1089
 G18     977    977    977
 G19     940    940    940
 G20     788    788    788
 G21     821    821    821
 G22    1039   1039   1039
 G23     935    935    935
 G24     948    948    948
 G25    1007   1007   1007
 G26     833    833    833
 G27     907    907    907
 G28     992    992    992
 G29     849    849    849
 G30     816    816    816
Comments (13) :
AIX 4.3|Power2|xlc 3.1.3|=+|Power*
RUN BY BOUDEWIJN AMBROSIUS
B.A.C.AMBROSIUS@LR.TUDELFT.NL
P1 =    P1  TurboRogue; =    Y1  Benchmark
L1 = L1(CA)
P2 =    P2  TurboRogue; =    Y2  Benchmark
L2 = L2(P2) TurboRogue; = L2(Y2) Benchmark
SNR is mapped to RINEX snr flag value [0-9]
L1 & L2:  2-19 dBHz = 1, 20-27 dBHz = 2, 28-31 dBHz = 3
32-35 dBHz = 4, 36-38 dBHz = 5, 39-41 dBHz = 6
42-44 dBHz = 7, 45-48 dBHz = 8, >= 49 dBHz = 9
teqc windowed:  end  @ 2006 Jul 13 23:59:59.000
Edited by GPSTK Rinex Editor ver 3.0 9/8/2003 on 2006/07/20 21:01:23
-------------------------------- END OF HEADER -------------------------------
ResCor timing: 4.970 seconds.
